2021-08-25 09:33:09.928 [main] DEBUG com.al.o2o.O2oApplication - Running with Spring Boot v2.1.6.RELEASE, Spring v5.1.8.RELEASE
2021-08-25 10:37:06.106 [main] DEBUG com.al.o2o.O2oApplication - Running with Spring Boot v2.1.6.RELEASE, Spring v5.1.8.RELEASE
2021-08-25 10:37:37.572 [http-nio-8081-exec-5] DEBUG c.a.o.dao.LocalAuthDao.queryLocalByUserNameAndPwd - ==>  Preparing: SELECT l.local_auth_id, l.username, l.password, l.create_time, l.last_edit_time, p.user_id, p.name, p.profile_img, p.email, p.gender, p.enable_status, p.user_type, p.create_time, p.last_edit_time FROM tb_local_auth l LEFT JOIN tb_person_info p on l.user_id = p.user_id WHERE l.username = ? AND l.password = ? 
2021-08-25 10:37:37.584 [http-nio-8081-exec-5] DEBUG c.a.o.dao.LocalAuthDao.queryLocalByUserNameAndPwd - ==> Parameters: testbind(String), 202cb962ac59075b964b07152d234b70(String)
2021-08-25 10:37:37.655 [http-nio-8081-exec-5] DEBUG c.a.o.dao.LocalAuthDao.queryLocalByUserNameAndPwd - <==      Total: 1
2021-08-25 10:37:37.809 [http-nio-8081-exec-9] DEBUG com.al.o2o.dao.ShopDao.queryShopList - ==>  Preparing: SELECT s.shop_id, s.shop_name, s.shop_desc, s.shop_addr, s.phone, s.shop_img, s.priority, s.create_time, s.last_edit_time, s.enable_status, s.advice, a.area_id, a.area_name, sc.shop_category_id, sc.shop_category_name FROM tb_shop s, tb_area a, tb_shop_category sc WHERE s.owner_id = ? AND s.area_id = a.area_id AND s.shop_category_id = sc.shop_category_id ORDER BY s.priority DESC LIMIT ?,?; 
2021-08-25 10:37:37.810 [http-nio-8081-exec-9] DEBUG com.al.o2o.dao.ShopDao.queryShopList - ==> Parameters: 1(Long), 0(Integer), 100(Integer)
2021-08-25 10:37:37.838 [http-nio-8081-exec-9] DEBUG com.al.o2o.dao.ShopDao.queryShopList - <==      Total: 32
2021-08-25 10:37:37.839 [http-nio-8081-exec-9] DEBUG com.al.o2o.dao.ShopDao.queryShopCount - ==>  Preparing: SELECT count(1) FROM tb_shop s, tb_area a, tb_shop_category sc WHERE s.owner_id = ? AND s.area_id = a.area_id AND s.shop_category_id = sc.shop_category_id 
2021-08-25 10:37:37.839 [http-nio-8081-exec-9] DEBUG com.al.o2o.dao.ShopDao.queryShopCount - ==> Parameters: 1(Long)
2021-08-25 10:37:37.860 [http-nio-8081-exec-9] DEBUG com.al.o2o.dao.ShopDao.queryShopCount - <==      Total: 1
2021-08-25 10:37:41.672 [http-nio-8081-exec-7] DEBUG com.al.o2o.dao.ProductDao.productList - ==>  Preparing: SELECT p.product_id, p.product_name, p.product_desc, p.img_addr, p.normal_price, p.promotion_price, p.priority, p.create_time, p.last_edit_time, p.enable_status, pc.product_category_id, pc.product_category_name, s.shop_id, s.shop_name FROM tb_product p, tb_product_category pc, tb_shop s WHERE p.shop_id = ? AND p.product_category_id = pc.product_category_id AND p.shop_id = s.shop_id ORDER BY p.priority DESC LIMIT ?,?; 
2021-08-25 10:37:41.673 [http-nio-8081-exec-7] DEBUG com.al.o2o.dao.ProductDao.productList - ==> Parameters: 28(Long), 0(Integer), 999(Integer)
2021-08-25 10:37:41.697 [http-nio-8081-exec-7] DEBUG com.al.o2o.dao.ProductDao.productList - <==      Total: 12
2021-08-25 10:37:41.698 [http-nio-8081-exec-7] DEBUG com.al.o2o.dao.ProductDao.queryProductCount - ==>  Preparing: SELECT count(1) FROM tb_product p, tb_product_category pc, tb_shop s WHERE p.shop_id = ? AND p.product_category_id = pc.product_category_id AND p.shop_id = s.shop_id 
2021-08-25 10:37:41.698 [http-nio-8081-exec-7] DEBUG com.al.o2o.dao.ProductDao.queryProductCount - ==> Parameters: 28(Long)
2021-08-25 10:37:41.735 [http-nio-8081-exec-7] DEBUG com.al.o2o.dao.ProductDao.queryProductCount - <==      Total: 1
2021-08-25 10:37:44.850 [http-nio-8081-exec-4] DEBUG com.al.o2o.dao.ShopDao.queryByShopId - ==>  Preparing: SELECT s.shop_id, s.shop_name, s.shop_desc, s.shop_addr, s.phone, s.shop_img, s.priority, s.create_time, s.last_edit_time, s.enable_status, s.advice, a.area_id, a.area_name, sc.shop_category_id, sc.shop_category_name FROM tb_shop s, tb_area a, tb_shop_category sc WHERE s.area_id = a.area_id AND s.shop_category_id = sc.shop_category_id AND s.shop_id =? 
2021-08-25 10:37:44.850 [http-nio-8081-exec-4] DEBUG com.al.o2o.dao.ShopDao.queryByShopId - ==> Parameters: 28(Long)
2021-08-25 10:37:44.869 [http-nio-8081-exec-4] DEBUG com.al.o2o.dao.ShopDao.queryByShopId - <==      Total: 1
2021-08-25 10:37:44.949 [http-nio-8081-exec-4] DEBUG com.al.o2o.dao.AreaDao.queryArea - ==>  Preparing: SELECT area_id,area_name, priority,create_time,last_edit_time FROM tb_area ORDER BY priority DESC 
2021-08-25 10:37:44.950 [http-nio-8081-exec-4] DEBUG com.al.o2o.dao.AreaDao.queryArea - ==> Parameters: 
2021-08-25 10:37:44.972 [http-nio-8081-exec-4] DEBUG com.al.o2o.dao.AreaDao.queryArea - <==      Total: 2
2021-08-25 10:37:47.313 [http-nio-8081-exec-7] DEBUG c.a.o.d.P.queryProductCategoryList - ==>  Preparing: SELECT product_category_id, product_category_name, priority, create_time, shop_id FROM tb_product_category WHERE shop_id = ? ORDER BY priority DESC 
2021-08-25 10:37:47.313 [http-nio-8081-exec-7] DEBUG c.a.o.d.P.queryProductCategoryList - ==> Parameters: 28(Long)
2021-08-25 10:37:47.336 [http-nio-8081-exec-7] DEBUG c.a.o.d.P.queryProductCategoryList - <==      Total: 7
2021-08-25 10:37:50.417 [http-nio-8081-exec-2] DEBUG com.al.o2o.dao.ProductDao.productList - ==>  Preparing: SELECT p.product_id, p.product_name, p.product_desc, p.img_addr, p.normal_price, p.promotion_price, p.priority, p.create_time, p.last_edit_time, p.enable_status, pc.product_category_id, pc.product_category_name, s.shop_id, s.shop_name FROM tb_product p, tb_product_category pc, tb_shop s WHERE p.shop_id = ? AND p.product_category_id = pc.product_category_id AND p.shop_id = s.shop_id ORDER BY p.priority DESC LIMIT ?,?; 
2021-08-25 10:37:50.418 [http-nio-8081-exec-2] DEBUG com.al.o2o.dao.ProductDao.productList - ==> Parameters: 28(Long), 0(Integer), 999(Integer)
2021-08-25 10:37:50.447 [http-nio-8081-exec-2] DEBUG com.al.o2o.dao.ProductDao.productList - <==      Total: 12
2021-08-25 10:37:50.448 [http-nio-8081-exec-2] DEBUG com.al.o2o.dao.ProductDao.queryProductCount - ==>  Preparing: SELECT count(1) FROM tb_product p, tb_product_category pc, tb_shop s WHERE p.shop_id = ? AND p.product_category_id = pc.product_category_id AND p.shop_id = s.shop_id 
2021-08-25 10:37:50.448 [http-nio-8081-exec-2] DEBUG com.al.o2o.dao.ProductDao.queryProductCount - ==> Parameters: 28(Long)
2021-08-25 10:37:50.459 [http-nio-8081-exec-2] DEBUG com.al.o2o.dao.ProductDao.queryProductCount - <==      Total: 1
2021-08-25 10:37:54.493 [http-nio-8081-exec-10] DEBUG com.al.o2o.dao.ShopDao.queryShopList - ==>  Preparing: SELECT s.shop_id, s.shop_name, s.shop_desc, s.shop_addr, s.phone, s.shop_img, s.priority, s.create_time, s.last_edit_time, s.enable_status, s.advice, a.area_id, a.area_name, sc.shop_category_id, sc.shop_category_name FROM tb_shop s, tb_area a, tb_shop_category sc WHERE s.owner_id = ? AND s.area_id = a.area_id AND s.shop_category_id = sc.shop_category_id ORDER BY s.priority DESC LIMIT ?,?; 
2021-08-25 10:37:54.493 [http-nio-8081-exec-10] DEBUG com.al.o2o.dao.ShopDao.queryShopList - ==> Parameters: 1(Long), 0(Integer), 100(Integer)
2021-08-25 10:37:54.544 [http-nio-8081-exec-10] DEBUG com.al.o2o.dao.ShopDao.queryShopList - <==      Total: 32
2021-08-25 10:37:54.545 [http-nio-8081-exec-10] DEBUG com.al.o2o.dao.ShopDao.queryShopCount - ==>  Preparing: SELECT count(1) FROM tb_shop s, tb_area a, tb_shop_category sc WHERE s.owner_id = ? AND s.area_id = a.area_id AND s.shop_category_id = sc.shop_category_id 
2021-08-25 10:37:54.545 [http-nio-8081-exec-10] DEBUG com.al.o2o.dao.ShopDao.queryShopCount - ==> Parameters: 1(Long)
2021-08-25 10:37:54.558 [http-nio-8081-exec-10] DEBUG com.al.o2o.dao.ShopDao.queryShopCount - <==      Total: 1
2021-08-25 10:37:58.249 [http-nio-8081-exec-1] DEBUG com.al.o2o.dao.ShopDao.queryShopList - ==>  Preparing: SELECT s.shop_id, s.shop_name, s.shop_desc, s.shop_addr, s.phone, s.shop_img, s.priority, s.create_time, s.last_edit_time, s.enable_status, s.advice, a.area_id, a.area_name, sc.shop_category_id, sc.shop_category_name FROM tb_shop s, tb_area a, tb_shop_category sc WHERE s.owner_id = ? AND s.area_id = a.area_id AND s.shop_category_id = sc.shop_category_id ORDER BY s.priority DESC LIMIT ?,?; 
2021-08-25 10:37:58.250 [http-nio-8081-exec-1] DEBUG com.al.o2o.dao.ShopDao.queryShopList - ==> Parameters: 1(Long), 0(Integer), 100(Integer)
2021-08-25 10:37:58.286 [http-nio-8081-exec-1] DEBUG com.al.o2o.dao.ShopDao.queryShopList - <==      Total: 32
2021-08-25 10:37:58.287 [http-nio-8081-exec-1] DEBUG com.al.o2o.dao.ShopDao.queryShopCount - ==>  Preparing: SELECT count(1) FROM tb_shop s, tb_area a, tb_shop_category sc WHERE s.owner_id = ? AND s.area_id = a.area_id AND s.shop_category_id = sc.shop_category_id 
2021-08-25 10:37:58.288 [http-nio-8081-exec-1] DEBUG com.al.o2o.dao.ShopDao.queryShopCount - ==> Parameters: 1(Long)
2021-08-25 10:37:58.298 [http-nio-8081-exec-1] DEBUG com.al.o2o.dao.ShopDao.queryShopCount - <==      Total: 1
2021-08-25 15:24:18.782 [main] DEBUG com.al.o2o.O2oApplication - Running with Spring Boot v2.1.6.RELEASE, Spring v5.1.8.RELEASE
2021-08-25 15:24:58.139 [http-nio-8081-exec-3] DEBUG c.a.o.dao.LocalAuthDao.queryLocalByUserNameAndPwd - ==>  Preparing: SELECT l.local_auth_id, l.username, l.password, l.create_time, l.last_edit_time, p.user_id, p.name, p.profile_img, p.email, p.gender, p.enable_status, p.user_type, p.create_time, p.last_edit_time FROM tb_local_auth l LEFT JOIN tb_person_info p on l.user_id = p.user_id WHERE l.username = ? AND l.password = ? 
2021-08-25 15:24:58.152 [http-nio-8081-exec-3] DEBUG c.a.o.dao.LocalAuthDao.queryLocalByUserNameAndPwd - ==> Parameters: testbind(String), 202cb962ac59075b964b07152d234b70(String)
2021-08-25 15:24:58.186 [http-nio-8081-exec-3] DEBUG c.a.o.dao.LocalAuthDao.queryLocalByUserNameAndPwd - <==      Total: 1
2021-08-25 15:24:58.337 [http-nio-8081-exec-4] DEBUG com.al.o2o.dao.ShopDao.queryShopList - ==>  Preparing: SELECT s.shop_id, s.shop_name, s.shop_desc, s.shop_addr, s.phone, s.shop_img, s.priority, s.create_time, s.last_edit_time, s.enable_status, s.advice, a.area_id, a.area_name, sc.shop_category_id, sc.shop_category_name FROM tb_shop s, tb_area a, tb_shop_category sc WHERE s.owner_id = ? AND s.area_id = a.area_id AND s.shop_category_id = sc.shop_category_id ORDER BY s.priority DESC LIMIT ?,?; 
2021-08-25 15:24:58.338 [http-nio-8081-exec-4] DEBUG com.al.o2o.dao.ShopDao.queryShopList - ==> Parameters: 1(Long), 0(Integer), 100(Integer)
2021-08-25 15:24:58.381 [http-nio-8081-exec-4] DEBUG com.al.o2o.dao.ShopDao.queryShopList - <==      Total: 32
2021-08-25 15:24:58.382 [http-nio-8081-exec-4] DEBUG com.al.o2o.dao.ShopDao.queryShopCount - ==>  Preparing: SELECT count(1) FROM tb_shop s, tb_area a, tb_shop_category sc WHERE s.owner_id = ? AND s.area_id = a.area_id AND s.shop_category_id = sc.shop_category_id 
2021-08-25 15:24:58.383 [http-nio-8081-exec-4] DEBUG com.al.o2o.dao.ShopDao.queryShopCount - ==> Parameters: 1(Long)
2021-08-25 15:24:58.411 [http-nio-8081-exec-4] DEBUG com.al.o2o.dao.ShopDao.queryShopCount - <==      Total: 1
2021-08-25 15:25:35.937 [main] DEBUG com.al.o2o.O2oApplication - Running with Spring Boot v2.1.6.RELEASE, Spring v5.1.8.RELEASE
2021-08-25 15:25:47.970 [http-nio-8081-exec-3] DEBUG c.a.o.dao.LocalAuthDao.queryLocalByUserNameAndPwd - ==>  Preparing: SELECT l.local_auth_id, l.username, l.password, l.create_time, l.last_edit_time, p.user_id, p.name, p.profile_img, p.email, p.gender, p.enable_status, p.user_type, p.create_time, p.last_edit_time FROM tb_local_auth l LEFT JOIN tb_person_info p on l.user_id = p.user_id WHERE l.username = ? AND l.password = ? 
2021-08-25 15:25:47.999 [http-nio-8081-exec-3] DEBUG c.a.o.dao.LocalAuthDao.queryLocalByUserNameAndPwd - ==> Parameters: testbind(String), 202cb962ac59075b964b07152d234b70(String)
2021-08-25 15:25:48.028 [http-nio-8081-exec-3] DEBUG c.a.o.dao.LocalAuthDao.queryLocalByUserNameAndPwd - <==      Total: 1
2021-08-25 15:25:48.169 [http-nio-8081-exec-4] DEBUG com.al.o2o.dao.ShopDao.queryShopList - ==>  Preparing: SELECT s.shop_id, s.shop_name, s.shop_desc, s.shop_addr, s.phone, s.shop_img, s.priority, s.create_time, s.last_edit_time, s.enable_status, s.advice, a.area_id, a.area_name, sc.shop_category_id, sc.shop_category_name FROM tb_shop s, tb_area a, tb_shop_category sc WHERE s.owner_id = ? AND s.area_id = a.area_id AND s.shop_category_id = sc.shop_category_id ORDER BY s.priority DESC LIMIT ?,?; 
2021-08-25 15:25:48.171 [http-nio-8081-exec-4] DEBUG com.al.o2o.dao.ShopDao.queryShopList - ==> Parameters: 1(Long), 0(Integer), 100(Integer)
2021-08-25 15:25:48.202 [http-nio-8081-exec-4] DEBUG com.al.o2o.dao.ShopDao.queryShopList - <==      Total: 32
2021-08-25 15:25:48.203 [http-nio-8081-exec-4] DEBUG com.al.o2o.dao.ShopDao.queryShopCount - ==>  Preparing: SELECT count(1) FROM tb_shop s, tb_area a, tb_shop_category sc WHERE s.owner_id = ? AND s.area_id = a.area_id AND s.shop_category_id = sc.shop_category_id 
2021-08-25 15:25:48.203 [http-nio-8081-exec-4] DEBUG com.al.o2o.dao.ShopDao.queryShopCount - ==> Parameters: 1(Long)
2021-08-25 15:25:48.220 [http-nio-8081-exec-4] DEBUG com.al.o2o.dao.ShopDao.queryShopCount - <==      Total: 1
2021-08-25 15:26:19.829 [main] DEBUG com.al.o2o.O2oApplication - Running with Spring Boot v2.1.6.RELEASE, Spring v5.1.8.RELEASE
2021-08-25 15:26:29.866 [http-nio-8081-exec-6] DEBUG c.a.o.dao.LocalAuthDao.queryLocalByUserNameAndPwd - ==>  Preparing: SELECT l.local_auth_id, l.username, l.password, l.create_time, l.last_edit_time, p.user_id, p.name, p.profile_img, p.email, p.gender, p.enable_status, p.user_type, p.create_time, p.last_edit_time FROM tb_local_auth l LEFT JOIN tb_person_info p on l.user_id = p.user_id WHERE l.username = ? AND l.password = ? 
2021-08-25 15:26:29.893 [http-nio-8081-exec-6] DEBUG c.a.o.dao.LocalAuthDao.queryLocalByUserNameAndPwd - ==> Parameters: testbind(String), 202cb962ac59075b964b07152d234b70(String)
2021-08-25 15:26:29.933 [http-nio-8081-exec-6] DEBUG c.a.o.dao.LocalAuthDao.queryLocalByUserNameAndPwd - <==      Total: 1
2021-08-25 15:26:30.058 [http-nio-8081-exec-5] DEBUG com.al.o2o.dao.ShopDao.queryShopList - ==>  Preparing: SELECT s.shop_id, s.shop_name, s.shop_desc, s.shop_addr, s.phone, s.shop_img, s.priority, s.create_time, s.last_edit_time, s.enable_status, s.advice, a.area_id, a.area_name, sc.shop_category_id, sc.shop_category_name FROM tb_shop s, tb_area a, tb_shop_category sc WHERE s.owner_id = ? AND s.area_id = a.area_id AND s.shop_category_id = sc.shop_category_id ORDER BY s.priority DESC LIMIT ?,?; 
2021-08-25 15:26:30.059 [http-nio-8081-exec-5] DEBUG com.al.o2o.dao.ShopDao.queryShopList - ==> Parameters: 1(Long), 0(Integer), 100(Integer)
2021-08-25 15:26:30.097 [http-nio-8081-exec-5] DEBUG com.al.o2o.dao.ShopDao.queryShopList - <==      Total: 32
2021-08-25 15:26:30.098 [http-nio-8081-exec-5] DEBUG com.al.o2o.dao.ShopDao.queryShopCount - ==>  Preparing: SELECT count(1) FROM tb_shop s, tb_area a, tb_shop_category sc WHERE s.owner_id = ? AND s.area_id = a.area_id AND s.shop_category_id = sc.shop_category_id 
2021-08-25 15:26:30.098 [http-nio-8081-exec-5] DEBUG com.al.o2o.dao.ShopDao.queryShopCount - ==> Parameters: 1(Long)
2021-08-25 15:26:30.117 [http-nio-8081-exec-5] DEBUG com.al.o2o.dao.ShopDao.queryShopCount - <==      Total: 1
